Performing C SOURCE FILE Test CMAKE_HAVE_LIBC_PTHREAD failed with the following output:
Change Dir: /mnt/e28833eb-0c99-4fe2-802a-09fa58d9c9f5/code/Gurren/catkin_ws/build/CMakeFiles/CMakeTmp

Run Build Command(s):/usr/bin/make -f Makefile cmTC_a36ef/fast && /usr/bin/make  -f CMakeFiles/cmTC_a36ef.dir/build.make CMakeFiles/cmTC_a36ef.dir/build
make[1]: Entering directory '/mnt/e28833eb-0c99-4fe2-802a-09fa58d9c9f5/code/Gurren/catkin_ws/build/CMakeFiles/CMakeTmp'
Building C object CMakeFiles/cmTC_a36ef.dir/src.c.o
/usr/bin/cc -DCMAKE_HAVE_LIBC_PTHREAD   -o CMakeFiles/cmTC_a36ef.dir/src.c.o -c /mnt/e28833eb-0c99-4fe2-802a-09fa58d9c9f5/code/Gurren/catkin_ws/build/CMakeFiles/CMakeTmp/src.c
Linking C executable cmTC_a36ef
/home/sanszhu/.local/lib/python3.8/site-packages/cmake/data/bin/cmake -E cmake_link_script CMakeFiles/cmTC_a36ef.dir/link.txt --verbose=1
/usr/bin/cc -rdynamic CMakeFiles/cmTC_a36ef.dir/src.c.o -o cmTC_a36ef 
/usr/bin/ld: CMakeFiles/cmTC_a36ef.dir/src.c.o: in function `main':
src.c:(.text+0x46): undefined reference to `pthread_create'
/usr/bin/ld: src.c:(.text+0x52): undefined reference to `pthread_detach'
/usr/bin/ld: src.c:(.text+0x5e): undefined reference to `pthread_cancel'
/usr/bin/ld: src.c:(.text+0x6f): undefined reference to `pthread_join'
collect2: error: ld returned 1 exit status
make[1]: *** [CMakeFiles/cmTC_a36ef.dir/build.make:99: cmTC_a36ef] Error 1
make[1]: Leaving directory '/mnt/e28833eb-0c99-4fe2-802a-09fa58d9c9f5/code/Gurren/catkin_ws/build/CMakeFiles/CMakeTmp'
make: *** [Makefile:127: cmTC_a36ef/fast] Error 2


Source file was:
#include <pthread.h>

static void* test_func(void* data)
{
  return data;
}

int main(void)
{
  pthread_t thread;
  pthread_create(&thread, NULL, test_func, NULL);
  pthread_detach(thread);
  pthread_cancel(thread);
  pthread_join(thread, NULL);
  pthread_atfork(NULL, NULL, NULL);
  pthread_exit(NULL);

  return 0;
}

Determining if the function pthread_create exists in the pthreads failed with the following output:
Change Dir: /mnt/e28833eb-0c99-4fe2-802a-09fa58d9c9f5/code/Gurren/catkin_ws/build/CMakeFiles/CMakeTmp

Run Build Command(s):/usr/bin/make -f Makefile cmTC_e28e6/fast && /usr/bin/make  -f CMakeFiles/cmTC_e28e6.dir/build.make CMakeFiles/cmTC_e28e6.dir/build
make[1]: Entering directory '/mnt/e28833eb-0c99-4fe2-802a-09fa58d9c9f5/code/Gurren/catkin_ws/build/CMakeFiles/CMakeTmp'
Building C object CMakeFiles/cmTC_e28e6.dir/CheckFunctionExists.c.o
/usr/bin/cc   -DCHECK_FUNCTION_EXISTS=pthread_create -o CMakeFiles/cmTC_e28e6.dir/CheckFunctionExists.c.o -c /home/sanszhu/.local/lib/python3.8/site-packages/cmake/data/share/cmake-3.21/Modules/CheckFunctionExists.c
Linking C executable cmTC_e28e6
/home/sanszhu/.local/lib/python3.8/site-packages/cmake/data/bin/cmake -E cmake_link_script CMakeFiles/cmTC_e28e6.dir/link.txt --verbose=1
/usr/bin/cc  -DCHECK_FUNCTION_EXISTS=pthread_create -rdynamic CMakeFiles/cmTC_e28e6.dir/CheckFunctionExists.c.o -o cmTC_e28e6  -lpthreads 
/usr/bin/ld: cannot find -lpthreads
collect2: error: ld returned 1 exit status
make[1]: *** [CMakeFiles/cmTC_e28e6.dir/build.make:99: cmTC_e28e6] Error 1
make[1]: Leaving directory '/mnt/e28833eb-0c99-4fe2-802a-09fa58d9c9f5/code/Gurren/catkin_ws/build/CMakeFiles/CMakeTmp'
make: *** [Makefile:127: cmTC_e28e6/fast] Error 2



